0 info it worked if it ends with ok
1 verbose cli [ '/usr/local/Cellar/node/0.10.10/bin/node',
1 verbose cli   '/usr/local/bin/npm',
1 verbose cli   'update' ]
2 info using npm@1.2.25
3 info using node@v0.10.10
4 verbose read json /Users/n23618/PROJECTS/buddy/package.json
5 verbose read json /Users/n23618/PROJECTS/buddy/node_modules/async/package.json
6 verbose read json /Users/n23618/PROJECTS/buddy/node_modules/buddy-cli/package.json
7 verbose read json /Users/n23618/PROJECTS/buddy/node_modules/buddy-server/package.json
8 verbose read json /Users/n23618/PROJECTS/buddy/node_modules/buddy-term/package.json
9 verbose read json /Users/n23618/PROJECTS/buddy/node_modules/clean-css/package.json
10 verbose read json /Users/n23618/PROJECTS/buddy/node_modules/csslint/package.json
11 verbose read json /Users/n23618/PROJECTS/buddy/node_modules/identify-resource/package.json
12 verbose read json /Users/n23618/PROJECTS/buddy/node_modules/inline-source/package.json
13 verbose read json /Users/n23618/PROJECTS/buddy/node_modules/jshint/package.json
14 verbose read json /Users/n23618/PROJECTS/buddy/node_modules/lodash/package.json
15 verbose read json /Users/n23618/PROJECTS/buddy/node_modules/mocha/package.json
16 verbose read json /Users/n23618/PROJECTS/buddy/node_modules/recur-fs/package.json
17 verbose read json /Users/n23618/PROJECTS/buddy/node_modules/rimraf/package.json
18 verbose read json /Users/n23618/PROJECTS/buddy/node_modules/should/package.json
19 verbose read json /Users/n23618/PROJECTS/buddy/node_modules/transfigure/package.json
20 verbose read json /Users/n23618/PROJECTS/buddy/node_modules/uglify-js/package.json
21 verbose read json /Users/n23618/PROJECTS/buddy/node_modules/yaw/package.json
22 info outdated updating undefined
23 error Failed to parse json
23 error Unexpected token f
24 error File: /Users/n23618/PROJECTS/buddy/package.json
25 error Failed to parse package.json data.
25 error package.json must be actual JSON, not just JavaScript.
25 error
25 error This is not a bug in npm.
25 error Tell the package author to fix their package.json file. JSON.parse
26 error System Darwin 12.3.0
27 error command "/usr/local/Cellar/node/0.10.10/bin/node" "/usr/local/bin/npm" "update"
28 error cwd /Users/n23618/PROJECTS/buddy
29 error node -v v0.10.10
30 error npm -v 1.2.25
31 error file /Users/n23618/PROJECTS/buddy/package.json
32 error code EJSONPARSE
33 verbose exit [ 1, true ]
